2025-02-10 12:40:56.583: DGCSG(
  (ae): AE(
    (enc_1): Linear(in_features=2000, out_features=500, bias=True)
    (enc_2): Linear(in_features=500, out_features=2000, bias=True)
    (z_layer): Linear(in_features=2000, out_features=10, bias=True)
    (dec_1): Linear(in_features=10, out_features=2000, bias=True)
    (dec_2): Linear(in_features=2000, out_features=500, bias=True)
    (x_bar_layer): Linear(in_features=500, out_features=2000, bias=True)
    (act): LeakyReLU(negative_slope=0.2, inplace=True)
  )
  (gate_1): GATLayer(
    (leakyrelu): LeakyReLU(negative_slope=0.3)
  )
  (gate_2): GATLayer(
    (leakyrelu): LeakyReLU(negative_slope=0.3)
  )
  (gate_3): GATLayer(
    (leakyrelu): LeakyReLU(negative_slope=0.3)
  )
  (s): Sigmoid()
)
2025-02-10 12:40:56.583: Namespace(name='Pollen', cuda=False, n_z=10, lr=0.0001, n_clusters=11, n_input=2000, alpha=10, beta=3e-05)
2025-02-10 12:40:56.583: metrics:	 nmi	 ari
2025-02-10 12:40:57.769: epoch0 Q:	0.9112	0.9207
2025-02-10 12:40:57.813: epoch1 Q:	0.9032	0.9018
2025-02-10 12:40:57.828: epoch2 Q:	0.8958	0.8785
2025-02-10 12:40:57.842: epoch3 Q:	0.8929	0.8425
2025-02-10 12:40:57.855: epoch4 Q:	0.8815	0.8190
2025-02-10 12:40:57.864: epoch5 Q:	0.8757	0.8028
2025-02-10 12:40:57.874: epoch6 Q:	0.8529	0.7631
2025-02-10 12:40:57.882: epoch7 Q:	0.8551	0.7630
2025-02-10 12:40:57.890: epoch8 Q:	0.8212	0.7225
2025-02-10 12:40:57.899: epoch9 Q:	0.8119	0.7117
2025-02-10 12:40:57.908: epoch10 Q:	0.8063	0.7094
2025-02-10 12:40:57.917: epoch11 Q:	0.7966	0.6950
2025-02-10 12:40:57.924: epoch12 Q:	0.7912	0.6903
2025-02-10 12:40:57.934: epoch13 Q:	0.7887	0.6872
2025-02-10 12:40:57.942: epoch14 Q:	0.7918	0.6938
2025-02-10 12:40:57.950: epoch15 Q:	0.7960	0.6964
2025-02-10 12:40:57.959: epoch16 Q:	0.7943	0.6939
2025-02-10 12:40:57.969: epoch17 Q:	0.8008	0.6897
2025-02-10 12:40:57.978: epoch18 Q:	0.7960	0.6844
2025-02-10 12:40:57.987: epoch19 Q:	0.7889	0.6716
2025-02-10 12:40:57.995: epoch20 Q:	0.7732	0.6354
2025-02-10 12:40:58.004: epoch21 Q:	0.7732	0.6354
2025-02-10 12:40:58.012: epoch22 Q:	0.7803	0.6562
2025-02-10 12:40:58.020: epoch23 Q:	0.7757	0.6406
2025-02-10 12:40:58.028: epoch24 Q:	0.7698	0.6275
2025-02-10 12:40:58.038: epoch25 Q:	0.7726	0.6307
2025-02-10 12:40:58.046: epoch26 Q:	0.7726	0.6307
2025-02-10 12:40:58.056: epoch27 Q:	0.7726	0.6307
2025-02-10 12:40:58.065: epoch28 Q:	0.7654	0.6266
2025-02-10 12:40:58.074: epoch29 Q:	0.7758	0.6343
2025-02-10 12:40:58.081: epoch30 Q:	0.7705	0.6244
2025-02-10 12:40:58.089: epoch31 Q:	0.7726	0.6307
2025-02-10 12:40:58.098: epoch32 Q:	0.7698	0.6275
2025-02-10 12:40:58.107: epoch33 Q:	0.7678	0.6212
2025-02-10 12:40:58.116: epoch34 Q:	0.7678	0.6212
2025-02-10 12:40:58.124: epoch35 Q:	0.7674	0.6208
2025-02-10 12:40:58.133: epoch36 Q:	0.7674	0.6208
2025-02-10 12:40:58.142: epoch37 Q:	0.7674	0.6208
2025-02-10 12:40:58.151: epoch38 Q:	0.7674	0.6208
2025-02-10 12:40:58.159: epoch39 Q:	0.7702	0.6232
2025-02-10 12:40:58.169: epoch40 Q:	0.7729	0.6262
2025-02-10 12:40:58.178: epoch41 Q:	0.7729	0.6262
2025-02-10 12:40:58.186: epoch42 Q:	0.7729	0.6262
2025-02-10 12:40:58.195: epoch43 Q:	0.7763	0.6289
2025-02-10 12:40:58.203: epoch44 Q:	0.7763	0.6289
2025-02-10 12:40:58.212: epoch45 Q:	0.7763	0.6289
2025-02-10 12:40:58.221: epoch46 Q:	0.7763	0.6289
2025-02-10 12:40:58.229: epoch47 Q:	0.7763	0.6289
2025-02-10 12:40:58.238: epoch48 Q:	0.7784	0.6351
2025-02-10 12:40:58.246: epoch49 Q:	0.7784	0.6351
2025-02-10 12:40:58.255: epoch50 Q:	0.7839	0.6505
2025-02-10 12:40:58.264: epoch51 Q:	0.7865	0.6576
2025-02-10 12:40:58.273: epoch52 Q:	0.7894	0.6650
2025-02-10 12:40:58.280: epoch53 Q:	0.7894	0.6650
2025-02-10 12:40:58.289: epoch54 Q:	0.7925	0.6726
2025-02-10 12:40:58.299: epoch55 Q:	0.7925	0.6726
2025-02-10 12:40:58.308: epoch56 Q:	0.7925	0.6726
2025-02-10 12:40:58.316: epoch57 Q:	0.7925	0.6726
2025-02-10 12:40:58.326: epoch58 Q:	0.7925	0.6726
2025-02-10 12:40:58.335: epoch59 Q:	0.7925	0.6726
2025-02-10 12:40:58.343: epoch60 Q:	0.7938	0.6748
2025-02-10 12:40:58.352: epoch61 Q:	0.7925	0.6726
2025-02-10 12:40:58.361: epoch62 Q:	0.8012	0.6908
2025-02-10 12:40:58.370: epoch63 Q:	0.8012	0.6908
2025-02-10 12:40:58.379: epoch64 Q:	0.8012	0.6908
2025-02-10 12:40:58.387: epoch65 Q:	0.8012	0.6908
2025-02-10 12:40:58.397: epoch66 Q:	0.8046	0.6926
2025-02-10 12:40:58.406: epoch67 Q:	0.8046	0.6926
2025-02-10 12:40:58.416: epoch68 Q:	0.8046	0.6926
2025-02-10 12:40:58.426: epoch69 Q:	0.8092	0.7025
2025-02-10 12:40:58.435: epoch70 Q:	0.8092	0.7025
2025-02-10 12:40:58.443: epoch71 Q:	0.8100	0.7037
2025-02-10 12:40:58.454: epoch72 Q:	0.8100	0.7037
2025-02-10 12:40:58.463: epoch73 Q:	0.8110	0.7052
2025-02-10 12:40:58.470: epoch74 Q:	0.8164	0.7140
2025-02-10 12:40:58.478: epoch75 Q:	0.8176	0.7158
2025-02-10 12:40:58.489: epoch76 Q:	0.8175	0.7155
2025-02-10 12:40:58.498: epoch77 Q:	0.8175	0.7155
2025-02-10 12:40:58.506: epoch78 Q:	0.8125	0.7150
2025-02-10 12:40:58.515: epoch79 Q:	0.8125	0.7150
2025-02-10 12:40:58.524: epoch80 Q:	0.8204	0.7240
2025-02-10 12:40:58.531: epoch81 Q:	0.8204	0.7240
2025-02-10 12:40:58.541: epoch82 Q:	0.8204	0.7240
2025-02-10 12:40:58.551: epoch83 Q:	0.8204	0.7240
2025-02-10 12:40:58.559: epoch84 Q:	0.8204	0.7240
2025-02-10 12:40:58.567: epoch85 Q:	0.8172	0.7249
2025-02-10 12:40:58.576: epoch86 Q:	0.8209	0.7322
2025-02-10 12:40:58.586: epoch87 Q:	0.8178	0.7276
2025-02-10 12:40:58.594: epoch88 Q:	0.8215	0.7352
2025-02-10 12:40:58.602: epoch89 Q:	0.8215	0.7352
2025-02-10 12:40:58.610: epoch90 Q:	0.8160	0.7283
2025-02-10 12:40:58.619: epoch91 Q:	0.8197	0.7359
2025-02-10 12:40:58.628: epoch92 Q:	0.8318	0.7429
2025-02-10 12:40:58.636: epoch93 Q:	0.8318	0.7429
2025-02-10 12:40:58.646: epoch94 Q:	0.8318	0.7429
2025-02-10 12:40:58.654: epoch95 Q:	0.8318	0.7429
2025-02-10 12:40:58.663: epoch96 Q:	0.8325	0.7440
2025-02-10 12:40:58.671: epoch97 Q:	0.8325	0.7440
2025-02-10 12:40:58.682: epoch98 Q:	0.8325	0.7440
2025-02-10 12:40:58.691: epoch99 Q:	0.8331	0.7444
2025-02-10 12:40:58.699: epoch100 Q:	0.8401	0.7514
2025-02-10 12:40:58.708: epoch101 Q:	0.8401	0.7514
2025-02-10 12:40:58.717: epoch102 Q:	0.8401	0.7514
2025-02-10 12:40:58.727: epoch103 Q:	0.8401	0.7514
2025-02-10 12:40:58.735: epoch104 Q:	0.8401	0.7514
2025-02-10 12:40:58.744: epoch105 Q:	0.8390	0.7507
2025-02-10 12:40:58.753: epoch106 Q:	0.8390	0.7507
2025-02-10 12:40:58.763: epoch107 Q:	0.8390	0.7507
2025-02-10 12:40:58.773: epoch108 Q:	0.8462	0.7547
2025-02-10 12:40:58.782: epoch109 Q:	0.8462	0.7547
2025-02-10 12:40:58.792: epoch110 Q:	0.8462	0.7547
2025-02-10 12:40:58.800: epoch111 Q:	0.8462	0.7547
2025-02-10 12:40:58.808: epoch112 Q:	0.8462	0.7547
2025-02-10 12:40:58.816: epoch113 Q:	0.8462	0.7547
2025-02-10 12:40:58.826: epoch114 Q:	0.8462	0.7547
2025-02-10 12:40:58.834: epoch115 Q:	0.8462	0.7547
2025-02-10 12:40:58.843: epoch116 Q:	0.8462	0.7547
2025-02-10 12:40:58.853: epoch117 Q:	0.8457	0.7544
2025-02-10 12:40:58.861: epoch118 Q:	0.8457	0.7544
2025-02-10 12:40:58.869: epoch119 Q:	0.8457	0.7544
2025-02-10 12:40:58.877: epoch120 Q:	0.8457	0.7544
2025-02-10 12:40:58.887: epoch121 Q:	0.8457	0.7544
2025-02-10 12:40:58.894: epoch122 Q:	0.8501	0.7630
2025-02-10 12:40:58.903: epoch123 Q:	0.8501	0.7630
2025-02-10 12:40:58.913: epoch124 Q:	0.8501	0.7630
2025-02-10 12:40:58.921: epoch125 Q:	0.8501	0.7630
2025-02-10 12:40:58.930: epoch126 Q:	0.8501	0.7630
2025-02-10 12:40:58.938: epoch127 Q:	0.8501	0.7630
2025-02-10 12:40:58.947: epoch128 Q:	0.8501	0.7630
2025-02-10 12:40:58.955: epoch129 Q:	0.8501	0.7630
2025-02-10 12:40:58.963: epoch130 Q:	0.8516	0.7647
2025-02-10 12:40:58.971: epoch131 Q:	0.8516	0.7647
2025-02-10 12:40:58.981: epoch132 Q:	0.8516	0.7647
2025-02-10 12:40:58.989: epoch133 Q:	0.8566	0.7737
2025-02-10 12:40:58.996: epoch134 Q:	0.8566	0.7737
2025-02-10 12:40:59.004: epoch135 Q:	0.8566	0.7737
2025-02-10 12:40:59.012: epoch136 Q:	0.8566	0.7737
2025-02-10 12:40:59.022: epoch137 Q:	0.8566	0.7737
2025-02-10 12:40:59.031: epoch138 Q:	0.8585	0.7757
2025-02-10 12:40:59.039: epoch139 Q:	0.8585	0.7757
2025-02-10 12:40:59.047: epoch140 Q:	0.8585	0.7757
2025-02-10 12:40:59.056: epoch141 Q:	0.8585	0.7757
2025-02-10 12:40:59.065: epoch142 Q:	0.8585	0.7757
2025-02-10 12:40:59.073: epoch143 Q:	0.8592	0.7769
2025-02-10 12:40:59.081: epoch144 Q:	0.8592	0.7769
2025-02-10 12:40:59.091: epoch145 Q:	0.8615	0.7791
2025-02-10 12:40:59.099: epoch146 Q:	0.8615	0.7791
2025-02-10 12:40:59.108: epoch147 Q:	0.8600	0.7774
2025-02-10 12:40:59.116: epoch148 Q:	0.8615	0.7791
2025-02-10 12:40:59.126: epoch149 Q:	0.8615	0.7791
2025-02-10 12:40:59.134: epoch150 Q:	0.8614	0.7785
2025-02-10 12:40:59.142: epoch151 Q:	0.8642	0.7807
2025-02-10 12:40:59.151: epoch152 Q:	0.8628	0.7791
2025-02-10 12:40:59.159: epoch153 Q:	0.8628	0.7791
2025-02-10 12:40:59.167: epoch154 Q:	0.8628	0.7791
2025-02-10 12:40:59.176: epoch155 Q:	0.8628	0.7791
2025-02-10 12:40:59.185: epoch156 Q:	0.8628	0.7791
2025-02-10 12:40:59.194: epoch157 Q:	0.8628	0.7791
2025-02-10 12:40:59.202: epoch158 Q:	0.8628	0.7791
2025-02-10 12:40:59.213: epoch159 Q:	0.8632	0.7786
2025-02-10 12:40:59.222: epoch160 Q:	0.8632	0.7786
2025-02-10 12:40:59.231: epoch161 Q:	0.8632	0.7786
2025-02-10 12:40:59.240: epoch162 Q:	0.8632	0.7786
2025-02-10 12:40:59.249: epoch163 Q:	0.8632	0.7786
2025-02-10 12:40:59.257: epoch164 Q:	0.8632	0.7786
2025-02-10 12:40:59.264: epoch165 Q:	0.8632	0.7786
2025-02-10 12:40:59.273: epoch166 Q:	0.8632	0.7786
2025-02-10 12:40:59.282: epoch167 Q:	0.8632	0.7786
2025-02-10 12:40:59.290: epoch168 Q:	0.8632	0.7786
2025-02-10 12:40:59.298: epoch169 Q:	0.8669	0.7809
2025-02-10 12:40:59.307: epoch170 Q:	0.8669	0.7809
2025-02-10 12:40:59.315: epoch171 Q:	0.8687	0.7825
2025-02-10 12:40:59.324: epoch172 Q:	0.8687	0.7825
2025-02-10 12:40:59.333: epoch173 Q:	0.8687	0.7825
2025-02-10 12:40:59.343: epoch174 Q:	0.8687	0.7825
2025-02-10 12:40:59.351: epoch175 Q:	0.8687	0.7825
2025-02-10 12:40:59.360: epoch176 Q:	0.8687	0.7825
2025-02-10 12:40:59.371: epoch177 Q:	0.8687	0.7825
2025-02-10 12:40:59.379: epoch178 Q:	0.8687	0.7825
2025-02-10 12:40:59.387: epoch179 Q:	0.8687	0.7825
2025-02-10 12:40:59.398: epoch180 Q:	0.8687	0.7825
2025-02-10 12:40:59.409: epoch181 Q:	0.8687	0.7825
2025-02-10 12:40:59.418: epoch182 Q:	0.8687	0.7825
2025-02-10 12:40:59.429: epoch183 Q:	0.8687	0.7825
2025-02-10 12:40:59.438: epoch184 Q:	0.8687	0.7825
2025-02-10 12:40:59.445: epoch185 Q:	0.8687	0.7825
2025-02-10 12:40:59.455: epoch186 Q:	0.8687	0.7825
2025-02-10 12:40:59.462: epoch187 Q:	0.8687	0.7825
2025-02-10 12:40:59.472: epoch188 Q:	0.8687	0.7825
2025-02-10 12:40:59.480: epoch189 Q:	0.8676	0.7812
2025-02-10 12:40:59.492: epoch190 Q:	0.8676	0.7812
2025-02-10 12:40:59.500: epoch191 Q:	0.8676	0.7812
2025-02-10 12:40:59.509: epoch192 Q:	0.8735	0.7906
2025-02-10 12:40:59.517: epoch193 Q:	0.8676	0.7812
2025-02-10 12:40:59.534: epoch194 Q:	0.8735	0.7906
2025-02-10 12:40:59.548: epoch195 Q:	0.8761	0.7926
2025-02-10 12:40:59.558: epoch196 Q:	0.8735	0.7906
2025-02-10 12:40:59.569: epoch197 Q:	0.8761	0.7926
2025-02-10 12:40:59.581: epoch198 Q:	0.8761	0.7926
2025-02-10 12:40:59.591: epoch199 Q:	0.8761	0.7926
2025-02-10 12:40:59.604: epoch200 Q:	0.8761	0.7926
2025-02-10 12:40:59.616: epoch201 Q:	0.8761	0.7926
2025-02-10 12:40:59.631: epoch202 Q:	0.8751	0.7915
2025-02-10 12:40:59.646: epoch203 Q:	0.8751	0.7915
2025-02-10 12:40:59.659: epoch204 Q:	0.8751	0.7915
2025-02-10 12:40:59.674: epoch205 Q:	0.8751	0.7915
2025-02-10 12:40:59.688: epoch206 Q:	0.8751	0.7915
2025-02-10 12:40:59.702: epoch207 Q:	0.8751	0.7915
2025-02-10 12:40:59.715: epoch208 Q:	0.8815	0.7943
2025-02-10 12:40:59.724: epoch209 Q:	0.8815	0.7943
2025-02-10 12:40:59.733: epoch210 Q:	0.8807	0.7935
2025-02-10 12:40:59.741: epoch211 Q:	0.8807	0.7935
2025-02-10 12:40:59.749: epoch212 Q:	0.8807	0.7935
2025-02-10 12:40:59.757: epoch213 Q:	0.8807	0.7935
2025-02-10 12:40:59.765: epoch214 Q:	0.8807	0.7935
2025-02-10 12:40:59.775: epoch215 Q:	0.8807	0.7935
2025-02-10 12:40:59.784: epoch216 Q:	0.8807	0.7935
2025-02-10 12:40:59.793: epoch217 Q:	0.8807	0.7935
2025-02-10 12:40:59.801: epoch218 Q:	0.8807	0.7935
2025-02-10 12:40:59.810: epoch219 Q:	0.8807	0.7935
2025-02-10 12:40:59.817: epoch220 Q:	0.8891	0.8032
2025-02-10 12:40:59.826: epoch221 Q:	0.8801	0.7930
2025-02-10 12:40:59.835: epoch222 Q:	0.8885	0.8027
2025-02-10 12:40:59.844: epoch223 Q:	0.8796	0.7928
2025-02-10 12:40:59.852: epoch224 Q:	0.8880	0.8024
2025-02-10 12:40:59.860: epoch225 Q:	0.8880	0.8024
2025-02-10 12:40:59.869: epoch226 Q:	0.8880	0.8024
2025-02-10 12:40:59.880: epoch227 Q:	0.8877	0.8024
2025-02-10 12:40:59.888: epoch228 Q:	0.8880	0.8024
2025-02-10 12:40:59.897: epoch229 Q:	0.8877	0.8024
2025-02-10 12:40:59.907: epoch230 Q:	0.8877	0.8024
2025-02-10 12:40:59.916: epoch231 Q:	0.8877	0.8024
2025-02-10 12:40:59.925: epoch232 Q:	0.8877	0.8024
2025-02-10 12:40:59.937: epoch233 Q:	0.8877	0.8024
2025-02-10 12:40:59.945: epoch234 Q:	0.8874	0.8034
2025-02-10 12:40:59.954: epoch235 Q:	0.8874	0.8034
2025-02-10 12:40:59.962: epoch236 Q:	0.8876	0.8056
2025-02-10 12:40:59.971: epoch237 Q:	0.8876	0.8056
2025-02-10 12:40:59.980: epoch238 Q:	0.8876	0.8056
2025-02-10 12:40:59.988: epoch239 Q:	0.8876	0.8056
2025-02-10 12:40:59.997: epoch240 Q:	0.8876	0.8056
2025-02-10 12:41:00.005: epoch241 Q:	0.8879	0.8072
2025-02-10 12:41:00.013: epoch242 Q:	0.8876	0.8056
2025-02-10 12:41:00.021: epoch243 Q:	0.8879	0.8072
2025-02-10 12:41:00.032: epoch244 Q:	0.8879	0.8072
2025-02-10 12:41:00.040: epoch245 Q:	0.8879	0.8072
2025-02-10 12:41:00.049: epoch246 Q:	0.8879	0.8072
2025-02-10 12:41:00.057: epoch247 Q:	0.8879	0.8072
2025-02-10 12:41:00.065: epoch248 Q:	0.8879	0.8072
2025-02-10 12:41:00.073: epoch249 Q:	0.8879	0.8072
2025-02-10 12:41:00.081: epoch250 Q:	0.8882	0.8091
2025-02-10 12:41:00.090: epoch251 Q:	0.8882	0.8091
2025-02-10 12:41:00.100: epoch252 Q:	0.8882	0.8091
2025-02-10 12:41:00.108: epoch253 Q:	0.8882	0.8091
2025-02-10 12:41:00.115: epoch254 Q:	0.8926	0.8128
2025-02-10 12:41:00.123: epoch255 Q:	0.8926	0.8128
2025-02-10 12:41:00.131: epoch256 Q:	0.8926	0.8128
2025-02-10 12:41:00.139: epoch257 Q:	0.8941	0.8189
2025-02-10 12:41:00.147: epoch258 Q:	0.8926	0.8128
2025-02-10 12:41:00.155: epoch259 Q:	0.8983	0.8298
2025-02-10 12:41:00.163: epoch260 Q:	0.8941	0.8189
2025-02-10 12:41:00.172: epoch261 Q:	0.8995	0.8344
2025-02-10 12:41:00.180: epoch262 Q:	0.8983	0.8298
2025-02-10 12:41:00.190: epoch263 Q:	0.8995	0.8344
2025-02-10 12:41:00.199: epoch264 Q:	0.8995	0.8344
2025-02-10 12:41:00.208: epoch265 Q:	0.8995	0.8344
2025-02-10 12:41:00.216: epoch266 Q:	0.9009	0.8392
2025-02-10 12:41:00.227: epoch267 Q:	0.9009	0.8392
2025-02-10 12:41:00.235: epoch268 Q:	0.9025	0.8444
2025-02-10 12:41:00.242: epoch269 Q:	0.9025	0.8444
2025-02-10 12:41:00.252: epoch270 Q:	0.9025	0.8444
2025-02-10 12:41:00.260: epoch271 Q:	0.9025	0.8444
2025-02-10 12:41:00.268: epoch272 Q:	0.9025	0.8444
2025-02-10 12:41:00.276: epoch273 Q:	0.9025	0.8444
2025-02-10 12:41:00.285: epoch274 Q:	0.9025	0.8444
2025-02-10 12:41:00.294: epoch275 Q:	0.9025	0.8444
2025-02-10 12:41:00.301: epoch276 Q:	0.9025	0.8444
2025-02-10 12:41:00.310: epoch277 Q:	0.8979	0.8414
2025-02-10 12:41:00.320: epoch278 Q:	0.8996	0.8469
2025-02-10 12:41:00.328: epoch279 Q:	0.8996	0.8469
2025-02-10 12:41:00.336: epoch280 Q:	0.9014	0.8528
2025-02-10 12:41:00.345: epoch281 Q:	0.9033	0.8590
2025-02-10 12:41:00.354: epoch282 Q:	0.9033	0.8590
2025-02-10 12:41:00.362: epoch283 Q:	0.9055	0.8655
2025-02-10 12:41:00.371: epoch284 Q:	0.9055	0.8655
2025-02-10 12:41:00.380: epoch285 Q:	0.9055	0.8655
2025-02-10 12:41:00.388: epoch286 Q:	0.9055	0.8655
2025-02-10 12:41:00.396: epoch287 Q:	0.9078	0.8724
2025-02-10 12:41:00.404: epoch288 Q:	0.9078	0.8724
2025-02-10 12:41:00.414: epoch289 Q:	0.9103	0.8795
2025-02-10 12:41:00.423: epoch290 Q:	0.9130	0.8870
2025-02-10 12:41:00.431: epoch291 Q:	0.9130	0.8870
2025-02-10 12:41:00.438: epoch292 Q:	0.9130	0.8870
2025-02-10 12:41:00.446: epoch293 Q:	0.9130	0.8870
2025-02-10 12:41:00.454: epoch294 Q:	0.9130	0.8870
2025-02-10 12:41:00.462: epoch295 Q:	0.9160	0.8948
2025-02-10 12:41:00.469: epoch296 Q:	0.9160	0.8948
2025-02-10 12:41:00.477: epoch297 Q:	0.9160	0.8948
2025-02-10 12:41:00.485: epoch298 Q:	0.9160	0.8948
2025-02-10 12:41:00.495: epoch299 Q:	0.9193	0.9030
2025-02-10 12:41:00.525: epoch300 Q:	0.9193	0.9030
2025-02-10 12:41:00.554: epoch301 Q:	0.9229	0.9114
2025-02-10 12:41:00.596: epoch302 Q:	0.9229	0.9114
2025-02-10 12:41:00.625: epoch303 Q:	0.9229	0.9114
2025-02-10 12:41:00.654: epoch304 Q:	0.9229	0.9114
2025-02-10 12:41:00.683: epoch305 Q:	0.9229	0.9114
2025-02-10 12:41:00.712: epoch306 Q:	0.9229	0.9114
2025-02-10 12:41:00.742: epoch307 Q:	0.9229	0.9114
2025-02-10 12:41:00.770: epoch308 Q:	0.9229	0.9114
2025-02-10 12:41:00.799: epoch309 Q:	0.9229	0.9114
2025-02-10 12:41:00.829: epoch310 Q:	0.9229	0.9114
2025-02-10 12:41:00.858: epoch311 Q:	0.9270	0.9201
2025-02-10 12:41:00.886: epoch312 Q:	0.9270	0.9201
2025-02-10 12:41:00.915: epoch313 Q:	0.9270	0.9201
2025-02-10 12:41:00.945: epoch314 Q:	0.9270	0.9201
2025-02-10 12:41:00.973: epoch315 Q:	0.9270	0.9201
2025-02-10 12:41:01.003: epoch316 Q:	0.9270	0.9201
2025-02-10 12:41:01.031: epoch317 Q:	0.9270	0.9201
2025-02-10 12:41:01.060: epoch318 Q:	0.9270	0.9201
2025-02-10 12:41:01.089: epoch319 Q:	0.9270	0.9201
2025-02-10 12:41:01.135: epoch320 Q:	0.9270	0.9201
2025-02-10 12:41:01.166: epoch321 Q:	0.9270	0.9201
2025-02-10 12:41:01.199: epoch322 Q:	0.9270	0.9201
2025-02-10 12:41:01.235: epoch323 Q:	0.9270	0.9201
2025-02-10 12:41:01.266: epoch324 Q:	0.9270	0.9201
2025-02-10 12:41:01.294: epoch325 Q:	0.9270	0.9201
2025-02-10 12:41:01.323: epoch326 Q:	0.9270	0.9201
2025-02-10 12:41:01.353: epoch327 Q:	0.9270	0.9201
2025-02-10 12:41:01.383: epoch328 Q:	0.9270	0.9201
2025-02-10 12:41:01.413: epoch329 Q:	0.9270	0.9201
2025-02-10 12:41:01.442: epoch330 Q:	0.9270	0.9201
2025-02-10 12:41:01.472: epoch331 Q:	0.9270	0.9201
2025-02-10 12:41:01.501: epoch332 Q:	0.9270	0.9201
2025-02-10 12:41:01.530: epoch333 Q:	0.9270	0.9201
2025-02-10 12:41:01.558: epoch334 Q:	0.9270	0.9201
2025-02-10 12:41:01.587: epoch335 Q:	0.9270	0.9201
2025-02-10 12:41:01.616: epoch336 Q:	0.9270	0.9201
2025-02-10 12:41:01.644: epoch337 Q:	0.9270	0.9201
2025-02-10 12:41:01.673: epoch338 Q:	0.9270	0.9201
2025-02-10 12:41:01.703: epoch339 Q:	0.9270	0.9201
2025-02-10 12:41:01.733: epoch340 Q:	0.9373	0.9384
2025-02-10 12:41:01.762: epoch341 Q:	0.9270	0.9201
2025-02-10 12:41:01.772: epoch342 Q:	0.9373	0.9384
2025-02-10 12:41:01.802: epoch343 Q:	0.9270	0.9201
2025-02-10 12:41:01.811: epoch344 Q:	0.9454	0.9479
2025-02-10 12:41:01.840: epoch345 Q:	0.9373	0.9384
2025-02-10 12:41:01.848: epoch346 Q:	0.9454	0.9479
2025-02-10 12:41:01.877: epoch347 Q:	0.9373	0.9384
2025-02-10 12:41:01.885: epoch348 Q:	0.9454	0.9479
2025-02-10 12:41:01.914: epoch349 Q:	0.9454	0.9479
2025-02-10 12:41:01.944: epoch350 Q:	0.9454	0.9479
2025-02-10 12:41:01.973: epoch351 Q:	0.9454	0.9479
2025-02-10 12:41:02.004: epoch352 Q:	0.9454	0.9479
2025-02-10 12:41:02.033: epoch353 Q:	0.9454	0.9479
2025-02-10 12:41:02.062: epoch354 Q:	0.9454	0.9479
2025-02-10 12:41:02.090: epoch355 Q:	0.9454	0.9479
2025-02-10 12:41:02.118: epoch356 Q:	0.9454	0.9479
2025-02-10 12:41:02.147: epoch357 Q:	0.9454	0.9479
2025-02-10 12:41:02.175: epoch358 Q:	0.9454	0.9479
2025-02-10 12:41:02.204: epoch359 Q:	0.9454	0.9479
2025-02-10 12:41:02.233: epoch360 Q:	0.9454	0.9479
2025-02-10 12:41:02.263: epoch361 Q:	0.9454	0.9479
2025-02-10 12:41:02.291: epoch362 Q:	0.9454	0.9479
2025-02-10 12:41:02.319: epoch363 Q:	0.9454	0.9479
2025-02-10 12:41:02.348: epoch364 Q:	0.9454	0.9479
2025-02-10 12:41:02.377: epoch365 Q:	0.9454	0.9479
2025-02-10 12:41:02.406: epoch366 Q:	0.9454	0.9479
2025-02-10 12:41:02.436: epoch367 Q:	0.9454	0.9479
2025-02-10 12:41:02.468: epoch368 Q:	0.9454	0.9479
2025-02-10 12:41:02.499: epoch369 Q:	0.9454	0.9479
2025-02-10 12:41:02.528: epoch370 Q:	0.9454	0.9479
2025-02-10 12:41:02.558: epoch371 Q:	0.9454	0.9479
2025-02-10 12:41:02.588: epoch372 Q:	0.9454	0.9479
2025-02-10 12:41:02.617: epoch373 Q:	0.9454	0.9479
2025-02-10 12:41:02.646: epoch374 Q:	0.9454	0.9479
2025-02-10 12:41:02.675: epoch375 Q:	0.9454	0.9479
2025-02-10 12:41:02.704: epoch376 Q:	0.9454	0.9479
2025-02-10 12:41:02.734: epoch377 Q:	0.9454	0.9479
2025-02-10 12:41:02.763: epoch378 Q:	0.9454	0.9479
2025-02-10 12:41:02.792: epoch379 Q:	0.9454	0.9479
2025-02-10 12:41:02.821: epoch380 Q:	0.9454	0.9479
2025-02-10 12:41:02.852: epoch381 Q:	0.9454	0.9479
2025-02-10 12:41:02.881: epoch382 Q:	0.9454	0.9479
2025-02-10 12:41:02.910: epoch383 Q:	0.9454	0.9479
2025-02-10 12:41:02.939: epoch384 Q:	0.9454	0.9479
2025-02-10 12:41:02.968: epoch385 Q:	0.9454	0.9479
2025-02-10 12:41:02.998: epoch386 Q:	0.9454	0.9479
2025-02-10 12:41:03.027: epoch387 Q:	0.9454	0.9479
2025-02-10 12:41:03.056: epoch388 Q:	0.9454	0.9479
2025-02-10 12:41:03.085: epoch389 Q:	0.9454	0.9479
2025-02-10 12:41:03.114: epoch390 Q:	0.9454	0.9479
2025-02-10 12:41:03.143: epoch391 Q:	0.9454	0.9479
2025-02-10 12:41:03.171: epoch392 Q:	0.9490	0.9509
2025-02-10 12:41:03.202: epoch393 Q:	0.9490	0.9509
2025-02-10 12:41:03.231: epoch394 Q:	0.9490	0.9509
2025-02-10 12:41:03.259: epoch395 Q:	0.9490	0.9509
2025-02-10 12:41:03.288: epoch396 Q:	0.9490	0.9509
2025-02-10 12:41:03.317: epoch397 Q:	0.9490	0.9509
2025-02-10 12:41:03.347: epoch398 Q:	0.9490	0.9509
2025-02-10 12:41:03.376: epoch399 Q:	0.9490	0.9509
2025-02-10 12:41:03.397: Best nmi is at epoch392:	0.9490	0.9509
